[2025-03-23T14:11:53.893+0000] {local_task_job_runner.py:120} INFO - ::group::Pre task execution logs
[2025-03-23T14:11:53.947+0000] {taskinstance.py:2076} INFO - Dependencies all met for dep_context=non-requeueable deps ti=<TaskInstance: realtime_user_streaming_pipeline.load_data manual__2025-03-23T14:11:49.496351+00:00 [queued]>
[2025-03-23T14:11:53.959+0000] {taskinstance.py:2076} INFO - Dependencies all met for dep_context=requeueable deps ti=<TaskInstance: realtime_user_streaming_pipeline.load_data manual__2025-03-23T14:11:49.496351+00:00 [queued]>
[2025-03-23T14:11:53.959+0000] {taskinstance.py:2306} INFO - Starting attempt 1 of 4
[2025-03-23T14:11:53.968+0000] {taskinstance.py:2330} INFO - Executing <Task(PythonOperator): load_data> on 2025-03-23 14:11:49.496351+00:00
[2025-03-23T14:11:53.988+0000] {logging_mixin.py:188} WARNING - /home/***/.local/lib/python3.12/site-packages/***/task/task_runner/standard_task_runner.py:62 DeprecationWarning: This process (pid=306) is multi-threaded, use of fork() may lead to deadlocks in the child.
[2025-03-23T14:11:53.991+0000] {standard_task_runner.py:64} INFO - Started process 315 to run task
[2025-03-23T14:11:53.984+0000] {standard_task_runner.py:90} INFO - Running: ['***', 'tasks', 'run', 'realtime_user_streaming_pipeline', 'load_data', 'manual__2025-03-23T14:11:49.496351+00:00', '--job-id', '14', '--raw', '--subdir', 'DAGS_FOLDER/realtime_streaming.py', '--cfg-path', '/tmp/tmpmbns8uy1']
[2025-03-23T14:11:53.992+0000] {standard_task_runner.py:91} INFO - Job 14: Subtask load_data
[2025-03-23T14:11:54.054+0000] {task_command.py:426} INFO - Running <TaskInstance: realtime_user_streaming_pipeline.load_data manual__2025-03-23T14:11:49.496351+00:00 [running]> on host 76911cf2b4bd
[2025-03-23T14:11:54.179+0000] {taskinstance.py:2648} INFO - Exporting env vars: AIRFLOW_CTX_DAG_OWNER='data_engineer' AIRFLOW_CTX_DAG_ID='realtime_user_streaming_pipeline' AIRFLOW_CTX_TASK_ID='load_data' AIRFLOW_CTX_EXECUTION_DATE='2025-03-23T14:11:49.496351+00:00' AIRFLOW_CTX_TRY_NUMBER='1' AIRFLOW_CTX_DAG_RUN_ID='manual__2025-03-23T14:11:49.496351+00:00'
[2025-03-23T14:11:54.180+0000] {taskinstance.py:430} INFO - ::endgroup::
[2025-03-23T14:11:54.192+0000] {conn.py:362} INFO - <BrokerConnection node_id=bootstrap-0 host=broker:9092 <connecting> [IPv4 ('172.18.0.11', 9092)]>: connecting to broker:9092 [('172.18.0.11', 9092) IPv4]
[2025-03-23T14:11:54.193+0000] {conn.py:957} INFO - Probing node bootstrap-0 broker version
[2025-03-23T14:11:54.193+0000] {conn.py:393} INFO - <BrokerConnection node_id=bootstrap-0 host=broker:9092 <connecting> [IPv4 ('172.18.0.11', 9092)]>: Connection complete.
[2025-03-23T14:11:54.312+0000] {conn.py:1019} INFO - Broker version identified as 2.6.0
[2025-03-23T14:11:54.312+0000] {conn.py:1020} INFO - Set configuration api_version=(2, 6, 0) to skip auto check_version requests on startup
[2025-03-23T14:11:54.326+0000] {etl_pipeline.py:65} INFO - Sent user bigelephant166 to Kafka.
[2025-03-23T14:11:54.329+0000] {etl_pipeline.py:65} INFO - Sent user organicgoose221 to Kafka.
[2025-03-23T14:11:54.329+0000] {conn.py:362} INFO - <BrokerConnection node_id=1 host=broker:9092 <connecting> [IPv4 ('172.18.0.11', 9092)]>: connecting to broker:9092 [('172.18.0.11', 9092) IPv4]
[2025-03-23T14:11:54.331+0000] {conn.py:393} INFO - <BrokerConnection node_id=1 host=broker:9092 <connecting> [IPv4 ('172.18.0.11', 9092)]>: Connection complete.
[2025-03-23T14:11:54.332+0000] {conn.py:673} INFO - <BrokerConnection node_id=bootstrap-0 host=broker:9092 <connected> [IPv4 ('172.18.0.11', 9092)]>: Closing connection. 
[2025-03-23T14:11:54.330+0000] {etl_pipeline.py:65} INFO - Sent user beautifulbutterfly203 to Kafka.
[2025-03-23T14:11:54.335+0000] {etl_pipeline.py:65} INFO - Sent user tinyostrich854 to Kafka.
[2025-03-23T14:11:54.337+0000] {etl_pipeline.py:65} INFO - Sent user orangebear727 to Kafka.
[2025-03-23T14:11:54.340+0000] {etl_pipeline.py:65} INFO - Sent user blueswan189 to Kafka.
[2025-03-23T14:11:54.341+0000] {etl_pipeline.py:65} INFO - Sent user beautifulpeacock574 to Kafka.
[2025-03-23T14:11:54.342+0000] {etl_pipeline.py:65} INFO - Sent user greenduck245 to Kafka.
[2025-03-23T14:11:54.343+0000] {etl_pipeline.py:65} INFO - Sent user silvermeercat500 to Kafka.
[2025-03-23T14:11:54.343+0000] {etl_pipeline.py:65} INFO - Sent user goldenkoala889 to Kafka.
[2025-03-23T14:11:54.343+0000] {etl_pipeline.py:65} INFO - Sent user purplepanda227 to Kafka.
[2025-03-23T14:11:54.343+0000] {etl_pipeline.py:65} INFO - Sent user purplegoose534 to Kafka.
[2025-03-23T14:11:54.344+0000] {etl_pipeline.py:65} INFO - Sent user organicostrich983 to Kafka.
[2025-03-23T14:11:54.345+0000] {etl_pipeline.py:65} INFO - Sent user smallgorilla623 to Kafka.
[2025-03-23T14:11:54.347+0000] {etl_pipeline.py:65} INFO - Sent user smalldog517 to Kafka.
[2025-03-23T14:11:54.351+0000] {etl_pipeline.py:65} INFO - Sent user orangeelephant202 to Kafka.
[2025-03-23T14:11:54.352+0000] {etl_pipeline.py:65} INFO - Sent user bluekoala550 to Kafka.
[2025-03-23T14:11:54.354+0000] {etl_pipeline.py:65} INFO - Sent user blackgorilla631 to Kafka.
[2025-03-23T14:11:54.357+0000] {etl_pipeline.py:65} INFO - Sent user orangekoala350 to Kafka.
[2025-03-23T14:11:54.357+0000] {etl_pipeline.py:65} INFO - Sent user heavyostrich343 to Kafka.
[2025-03-23T14:11:54.358+0000] {etl_pipeline.py:65} INFO - Sent user goldenmouse593 to Kafka.
[2025-03-23T14:11:54.360+0000] {etl_pipeline.py:65} INFO - Sent user blackduck858 to Kafka.
[2025-03-23T14:11:54.361+0000] {etl_pipeline.py:65} INFO - Sent user happyswan995 to Kafka.
[2025-03-23T14:11:54.365+0000] {etl_pipeline.py:65} INFO - Sent user silverladybug450 to Kafka.
[2025-03-23T14:11:54.366+0000] {etl_pipeline.py:65} INFO - Sent user goldenladybug409 to Kafka.
[2025-03-23T14:11:54.367+0000] {etl_pipeline.py:65} INFO - Sent user angryzebra110 to Kafka.
[2025-03-23T14:11:54.372+0000] {etl_pipeline.py:65} INFO - Sent user bluepeacock250 to Kafka.
[2025-03-23T14:11:54.373+0000] {etl_pipeline.py:65} INFO - Sent user orangekoala545 to Kafka.
[2025-03-23T14:11:54.374+0000] {etl_pipeline.py:65} INFO - Sent user bigzebra752 to Kafka.
[2025-03-23T14:11:54.378+0000] {etl_pipeline.py:65} INFO - Sent user blacktiger691 to Kafka.
[2025-03-23T14:11:54.379+0000] {etl_pipeline.py:65} INFO - Sent user greenfish671 to Kafka.
[2025-03-23T14:11:54.379+0000] {etl_pipeline.py:65} INFO - Sent user blacksnake145 to Kafka.
[2025-03-23T14:11:54.380+0000] {etl_pipeline.py:65} INFO - Sent user orangekoala635 to Kafka.
[2025-03-23T14:11:54.384+0000] {etl_pipeline.py:65} INFO - Sent user sadsnake990 to Kafka.
[2025-03-23T14:11:54.385+0000] {etl_pipeline.py:65} INFO - Sent user yellowbutterfly529 to Kafka.
[2025-03-23T14:11:54.386+0000] {etl_pipeline.py:65} INFO - Sent user organicladybug477 to Kafka.
[2025-03-23T14:11:54.386+0000] {etl_pipeline.py:65} INFO - Sent user tinybear941 to Kafka.
[2025-03-23T14:11:54.387+0000] {etl_pipeline.py:65} INFO - Sent user bigpeacock699 to Kafka.
[2025-03-23T14:11:54.388+0000] {etl_pipeline.py:65} INFO - Sent user silverostrich605 to Kafka.
[2025-03-23T14:11:54.389+0000] {etl_pipeline.py:65} INFO - Sent user browngorilla908 to Kafka.
[2025-03-23T14:11:54.390+0000] {etl_pipeline.py:65} INFO - Sent user goldensnake829 to Kafka.
[2025-03-23T14:11:54.402+0000] {etl_pipeline.py:65} INFO - Sent user organicsnake259 to Kafka.
[2025-03-23T14:11:54.407+0000] {etl_pipeline.py:65} INFO - Sent user purplebear616 to Kafka.
[2025-03-23T14:11:54.412+0000] {etl_pipeline.py:65} INFO - Sent user happymouse178 to Kafka.
[2025-03-23T14:11:54.412+0000] {etl_pipeline.py:65} INFO - Sent user brownpanda209 to Kafka.
[2025-03-23T14:11:54.413+0000] {etl_pipeline.py:65} INFO - Sent user goldenwolf449 to Kafka.
[2025-03-23T14:11:54.425+0000] {etl_pipeline.py:65} INFO - Sent user orangebird138 to Kafka.
[2025-03-23T14:11:54.427+0000] {etl_pipeline.py:65} INFO - Sent user purplepanda102 to Kafka.
[2025-03-23T14:11:54.428+0000] {etl_pipeline.py:65} INFO - Sent user tinydog977 to Kafka.
[2025-03-23T14:11:54.429+0000] {etl_pipeline.py:65} INFO - Sent user ticklishladybug112 to Kafka.
[2025-03-23T14:11:54.429+0000] {etl_pipeline.py:65} INFO - Sent user tinywolf550 to Kafka.
[2025-03-23T14:11:54.430+0000] {etl_pipeline.py:65} INFO - Sent user lazybutterfly402 to Kafka.
[2025-03-23T14:11:54.431+0000] {etl_pipeline.py:65} INFO - Sent user organicleopard922 to Kafka.
[2025-03-23T14:11:54.432+0000] {etl_pipeline.py:65} INFO - Sent user greenmeercat652 to Kafka.
[2025-03-23T14:11:54.437+0000] {etl_pipeline.py:65} INFO - Sent user sadgorilla897 to Kafka.
[2025-03-23T14:11:54.440+0000] {etl_pipeline.py:65} INFO - Sent user orangegoose366 to Kafka.
[2025-03-23T14:11:54.443+0000] {etl_pipeline.py:65} INFO - Sent user yellowswan419 to Kafka.
[2025-03-23T14:11:54.447+0000] {etl_pipeline.py:65} INFO - Sent user greenostrich620 to Kafka.
[2025-03-23T14:11:54.448+0000] {etl_pipeline.py:65} INFO - Sent user lazypanda916 to Kafka.
[2025-03-23T14:11:54.449+0000] {etl_pipeline.py:65} INFO - Sent user greendog935 to Kafka.
[2025-03-23T14:11:54.450+0000] {etl_pipeline.py:65} INFO - Sent user goldenzebra818 to Kafka.
[2025-03-23T14:11:54.451+0000] {etl_pipeline.py:65} INFO - Sent user goldenmeercat817 to Kafka.
[2025-03-23T14:11:54.453+0000] {etl_pipeline.py:65} INFO - Sent user bluefrog536 to Kafka.
[2025-03-23T14:11:54.453+0000] {etl_pipeline.py:65} INFO - Sent user beautifulbear766 to Kafka.
[2025-03-23T14:11:54.456+0000] {etl_pipeline.py:65} INFO - Sent user blacktiger424 to Kafka.
[2025-03-23T14:11:54.458+0000] {etl_pipeline.py:65} INFO - Sent user goldenmouse282 to Kafka.
[2025-03-23T14:11:54.459+0000] {etl_pipeline.py:65} INFO - Sent user angrypeacock261 to Kafka.
[2025-03-23T14:11:54.459+0000] {etl_pipeline.py:65} INFO - Sent user sadswan242 to Kafka.
[2025-03-23T14:11:54.460+0000] {etl_pipeline.py:65} INFO - Sent user bigkoala855 to Kafka.
[2025-03-23T14:11:54.461+0000] {etl_pipeline.py:65} INFO - Sent user lazypeacock604 to Kafka.
[2025-03-23T14:11:54.462+0000] {etl_pipeline.py:65} INFO - Sent user smallzebra122 to Kafka.
[2025-03-23T14:11:54.463+0000] {etl_pipeline.py:65} INFO - Sent user brownlion278 to Kafka.
[2025-03-23T14:11:54.466+0000] {etl_pipeline.py:65} INFO - Sent user blackzebra625 to Kafka.
[2025-03-23T14:11:54.467+0000] {etl_pipeline.py:65} INFO - Sent user smallswan696 to Kafka.
[2025-03-23T14:11:54.469+0000] {etl_pipeline.py:65} INFO - Sent user brownlion510 to Kafka.
[2025-03-23T14:11:54.476+0000] {etl_pipeline.py:65} INFO - Sent user orangeostrich629 to Kafka.
[2025-03-23T14:11:54.477+0000] {etl_pipeline.py:65} INFO - Sent user sadmeercat525 to Kafka.
[2025-03-23T14:11:54.479+0000] {etl_pipeline.py:65} INFO - Sent user angrygoose445 to Kafka.
[2025-03-23T14:11:54.484+0000] {etl_pipeline.py:65} INFO - Sent user sadmouse772 to Kafka.
[2025-03-23T14:11:54.487+0000] {etl_pipeline.py:65} INFO - Sent user smallleopard641 to Kafka.
[2025-03-23T14:11:54.491+0000] {etl_pipeline.py:65} INFO - Sent user purplebear177 to Kafka.
[2025-03-23T14:11:54.491+0000] {etl_pipeline.py:65} INFO - Sent user whitebutterfly361 to Kafka.
[2025-03-23T14:11:54.496+0000] {etl_pipeline.py:65} INFO - Sent user smallgorilla482 to Kafka.
[2025-03-23T14:11:54.498+0000] {etl_pipeline.py:65} INFO - Sent user sadpeacock562 to Kafka.
[2025-03-23T14:11:54.500+0000] {etl_pipeline.py:65} INFO - Sent user bigfish445 to Kafka.
[2025-03-23T14:11:54.502+0000] {etl_pipeline.py:65} INFO - Sent user redrabbit317 to Kafka.
[2025-03-23T14:11:54.512+0000] {etl_pipeline.py:65} INFO - Sent user bluemouse674 to Kafka.
[2025-03-23T14:11:54.517+0000] {etl_pipeline.py:65} INFO - Sent user crazyrabbit690 to Kafka.
[2025-03-23T14:11:54.521+0000] {etl_pipeline.py:65} INFO - Sent user bigmeercat431 to Kafka.
[2025-03-23T14:11:54.524+0000] {etl_pipeline.py:65} INFO - Sent user whiteduck890 to Kafka.
[2025-03-23T14:11:54.527+0000] {etl_pipeline.py:65} INFO - Sent user smallmouse905 to Kafka.
[2025-03-23T14:11:54.529+0000] {etl_pipeline.py:65} INFO - Sent user orangeduck471 to Kafka.
[2025-03-23T14:11:54.531+0000] {etl_pipeline.py:65} INFO - Sent user angrylion528 to Kafka.
[2025-03-23T14:11:54.534+0000] {etl_pipeline.py:65} INFO - Sent user greenwolf147 to Kafka.
[2025-03-23T14:11:54.535+0000] {etl_pipeline.py:65} INFO - Sent user smallgoose574 to Kafka.
[2025-03-23T14:11:54.540+0000] {etl_pipeline.py:65} INFO - Sent user whitesnake988 to Kafka.
[2025-03-23T14:11:54.540+0000] {etl_pipeline.py:65} INFO - Sent user heavyladybug285 to Kafka.
[2025-03-23T14:11:54.542+0000] {etl_pipeline.py:65} INFO - Sent user goldenzebra584 to Kafka.
[2025-03-23T14:11:54.542+0000] {etl_pipeline.py:65} INFO - Sent user angrytiger906 to Kafka.
[2025-03-23T14:11:54.542+0000] {etl_pipeline.py:65} INFO - Sent user silverbird122 to Kafka.
[2025-03-23T14:11:54.558+0000] {etl_pipeline.py:68} INFO - Successfully sent 100 users to Kafka.
[2025-03-23T14:11:54.560+0000] {conn.py:673} INFO - <BrokerConnection node_id=1 host=broker:9092 <connected> [IPv4 ('172.18.0.11', 9092)]>: Closing connection. 
[2025-03-23T14:11:54.565+0000] {python.py:237} INFO - Done. Returned value was: None
[2025-03-23T14:11:54.566+0000] {taskinstance.py:441} INFO - ::group::Post task execution logs
[2025-03-23T14:11:54.610+0000] {taskinstance.py:1206} INFO - Marking task as SUCCESS. dag_id=realtime_user_streaming_pipeline, task_id=load_data, run_id=manual__2025-03-23T14:11:49.496351+00:00, execution_date=20250323T141149, start_date=20250323T141153, end_date=20250323T141154
[2025-03-23T14:11:54.772+0000] {local_task_job_runner.py:243} INFO - Task exited with return code 0
[2025-03-23T14:11:54.845+0000] {local_task_job_runner.py:222} INFO - ::endgroup::
