[2025-03-23T14:12:02.320+0000] {local_task_job_runner.py:120} INFO - ::group::Pre task execution logs
[2025-03-23T14:12:02.392+0000] {taskinstance.py:2076} INFO - Dependencies all met for dep_context=non-requeueable deps ti=<TaskInstance: realtime_user_streaming_pipeline.load_data manual__2025-03-23T14:11:55.323928+00:00 [queued]>
[2025-03-23T14:12:02.414+0000] {taskinstance.py:2076} INFO - Dependencies all met for dep_context=requeueable deps ti=<TaskInstance: realtime_user_streaming_pipeline.load_data manual__2025-03-23T14:11:55.323928+00:00 [queued]>
[2025-03-23T14:12:02.415+0000] {taskinstance.py:2306} INFO - Starting attempt 1 of 4
[2025-03-23T14:12:02.430+0000] {taskinstance.py:2330} INFO - Executing <Task(PythonOperator): load_data> on 2025-03-23 14:11:55.323928+00:00
[2025-03-23T14:12:02.447+0000] {standard_task_runner.py:90} INFO - Running: ['***', 'tasks', 'run', 'realtime_user_streaming_pipeline', 'load_data', 'manual__2025-03-23T14:11:55.323928+00:00', '--job-id', '26', '--raw', '--subdir', 'DAGS_FOLDER/realtime_streaming.py', '--cfg-path', '/tmp/tmpoaio8n7b']
[2025-03-23T14:12:02.452+0000] {logging_mixin.py:188} WARNING - /home/***/.local/lib/python3.12/site-packages/***/task/task_runner/standard_task_runner.py:62 DeprecationWarning: This process (pid=338) is multi-threaded, use of fork() may lead to deadlocks in the child.
[2025-03-23T14:12:02.452+0000] {standard_task_runner.py:91} INFO - Job 26: Subtask load_data
[2025-03-23T14:12:02.453+0000] {standard_task_runner.py:64} INFO - Started process 339 to run task
[2025-03-23T14:12:02.574+0000] {task_command.py:426} INFO - Running <TaskInstance: realtime_user_streaming_pipeline.load_data manual__2025-03-23T14:11:55.323928+00:00 [running]> on host 76911cf2b4bd
[2025-03-23T14:12:02.690+0000] {taskinstance.py:2648} INFO - Exporting env vars: AIRFLOW_CTX_DAG_OWNER='data_engineer' AIRFLOW_CTX_DAG_ID='realtime_user_streaming_pipeline' AIRFLOW_CTX_TASK_ID='load_data' AIRFLOW_CTX_EXECUTION_DATE='2025-03-23T14:11:55.323928+00:00' AIRFLOW_CTX_TRY_NUMBER='1' AIRFLOW_CTX_DAG_RUN_ID='manual__2025-03-23T14:11:55.323928+00:00'
[2025-03-23T14:12:02.692+0000] {taskinstance.py:430} INFO - ::endgroup::
[2025-03-23T14:12:02.715+0000] {conn.py:362} INFO - <BrokerConnection node_id=bootstrap-0 host=broker:9092 <connecting> [IPv4 ('172.18.0.11', 9092)]>: connecting to broker:9092 [('172.18.0.11', 9092) IPv4]
[2025-03-23T14:12:02.716+0000] {conn.py:957} INFO - Probing node bootstrap-0 broker version
[2025-03-23T14:12:02.717+0000] {conn.py:393} INFO - <BrokerConnection node_id=bootstrap-0 host=broker:9092 <connecting> [IPv4 ('172.18.0.11', 9092)]>: Connection complete.
[2025-03-23T14:12:02.831+0000] {conn.py:1019} INFO - Broker version identified as 2.6.0
[2025-03-23T14:12:02.833+0000] {conn.py:1020} INFO - Set configuration api_version=(2, 6, 0) to skip auto check_version requests on startup
[2025-03-23T14:12:02.865+0000] {etl_pipeline.py:65} INFO - Sent user organickoala972 to Kafka.
[2025-03-23T14:12:02.866+0000] {etl_pipeline.py:65} INFO - Sent user browndog396 to Kafka.
[2025-03-23T14:12:02.867+0000] {conn.py:362} INFO - <BrokerConnection node_id=1 host=broker:9092 <connecting> [IPv4 ('172.18.0.11', 9092)]>: connecting to broker:9092 [('172.18.0.11', 9092) IPv4]
[2025-03-23T14:12:02.869+0000] {conn.py:393} INFO - <BrokerConnection node_id=1 host=broker:9092 <connecting> [IPv4 ('172.18.0.11', 9092)]>: Connection complete.
[2025-03-23T14:12:02.868+0000] {etl_pipeline.py:65} INFO - Sent user heavybear737 to Kafka.
[2025-03-23T14:12:02.870+0000] {conn.py:673} INFO - <BrokerConnection node_id=bootstrap-0 host=broker:9092 <connected> [IPv4 ('172.18.0.11', 9092)]>: Closing connection. 
[2025-03-23T14:12:02.870+0000] {etl_pipeline.py:65} INFO - Sent user beautifulfish365 to Kafka.
[2025-03-23T14:12:02.876+0000] {etl_pipeline.py:65} INFO - Sent user happysnake723 to Kafka.
[2025-03-23T14:12:02.879+0000] {etl_pipeline.py:65} INFO - Sent user whitedog180 to Kafka.
[2025-03-23T14:12:02.880+0000] {etl_pipeline.py:65} INFO - Sent user lazybutterfly790 to Kafka.
[2025-03-23T14:12:02.880+0000] {etl_pipeline.py:65} INFO - Sent user beautifulbutterfly186 to Kafka.
[2025-03-23T14:12:02.881+0000] {etl_pipeline.py:65} INFO - Sent user smallelephant549 to Kafka.
[2025-03-23T14:12:02.883+0000] {etl_pipeline.py:65} INFO - Sent user ticklishswan480 to Kafka.
[2025-03-23T14:12:02.883+0000] {etl_pipeline.py:65} INFO - Sent user silverbear153 to Kafka.
[2025-03-23T14:12:02.884+0000] {etl_pipeline.py:65} INFO - Sent user silvergorilla351 to Kafka.
[2025-03-23T14:12:02.884+0000] {etl_pipeline.py:65} INFO - Sent user greencat270 to Kafka.
[2025-03-23T14:12:02.885+0000] {etl_pipeline.py:65} INFO - Sent user crazymeercat895 to Kafka.
[2025-03-23T14:12:02.886+0000] {etl_pipeline.py:65} INFO - Sent user ticklishgorilla131 to Kafka.
[2025-03-23T14:12:02.886+0000] {etl_pipeline.py:65} INFO - Sent user crazybird844 to Kafka.
[2025-03-23T14:12:02.886+0000] {etl_pipeline.py:65} INFO - Sent user bigbutterfly620 to Kafka.
[2025-03-23T14:12:02.886+0000] {etl_pipeline.py:65} INFO - Sent user purplebird819 to Kafka.
[2025-03-23T14:12:02.887+0000] {etl_pipeline.py:65} INFO - Sent user organicleopard722 to Kafka.
[2025-03-23T14:12:02.887+0000] {etl_pipeline.py:65} INFO - Sent user yellowgoose942 to Kafka.
[2025-03-23T14:12:02.887+0000] {etl_pipeline.py:65} INFO - Sent user beautifulmouse942 to Kafka.
[2025-03-23T14:12:02.887+0000] {etl_pipeline.py:65} INFO - Sent user happycat165 to Kafka.
[2025-03-23T14:12:02.888+0000] {etl_pipeline.py:65} INFO - Sent user biggorilla775 to Kafka.
[2025-03-23T14:12:02.888+0000] {etl_pipeline.py:65} INFO - Sent user whitepanda256 to Kafka.
[2025-03-23T14:12:02.888+0000] {etl_pipeline.py:65} INFO - Sent user whitetiger282 to Kafka.
[2025-03-23T14:12:02.889+0000] {etl_pipeline.py:65} INFO - Sent user orangebird303 to Kafka.
[2025-03-23T14:12:02.889+0000] {etl_pipeline.py:65} INFO - Sent user brownpeacock620 to Kafka.
[2025-03-23T14:12:02.893+0000] {etl_pipeline.py:65} INFO - Sent user organicfish297 to Kafka.
[2025-03-23T14:12:02.894+0000] {etl_pipeline.py:65} INFO - Sent user orangeswan181 to Kafka.
[2025-03-23T14:12:02.895+0000] {etl_pipeline.py:65} INFO - Sent user ticklishsnake580 to Kafka.
[2025-03-23T14:12:02.895+0000] {etl_pipeline.py:65} INFO - Sent user blackelephant450 to Kafka.
[2025-03-23T14:12:02.896+0000] {etl_pipeline.py:65} INFO - Sent user greenlion126 to Kafka.
[2025-03-23T14:12:02.896+0000] {etl_pipeline.py:65} INFO - Sent user bigladybug334 to Kafka.
[2025-03-23T14:12:02.896+0000] {etl_pipeline.py:65} INFO - Sent user yellowsnake832 to Kafka.
[2025-03-23T14:12:02.896+0000] {etl_pipeline.py:65} INFO - Sent user yellowswan325 to Kafka.
[2025-03-23T14:12:02.897+0000] {etl_pipeline.py:65} INFO - Sent user tinybear868 to Kafka.
[2025-03-23T14:12:02.897+0000] {etl_pipeline.py:65} INFO - Sent user crazyfrog263 to Kafka.
[2025-03-23T14:12:02.898+0000] {etl_pipeline.py:65} INFO - Sent user silverladybug607 to Kafka.
[2025-03-23T14:12:02.900+0000] {etl_pipeline.py:65} INFO - Sent user blueleopard481 to Kafka.
[2025-03-23T14:12:02.902+0000] {etl_pipeline.py:65} INFO - Sent user organicmouse501 to Kafka.
[2025-03-23T14:12:02.902+0000] {etl_pipeline.py:65} INFO - Sent user orangemeercat102 to Kafka.
[2025-03-23T14:12:02.903+0000] {etl_pipeline.py:65} INFO - Sent user organicgorilla501 to Kafka.
[2025-03-23T14:12:02.903+0000] {etl_pipeline.py:65} INFO - Sent user sadfish885 to Kafka.
[2025-03-23T14:12:02.903+0000] {etl_pipeline.py:65} INFO - Sent user silverkoala272 to Kafka.
[2025-03-23T14:12:02.903+0000] {etl_pipeline.py:65} INFO - Sent user blueostrich949 to Kafka.
[2025-03-23T14:12:02.904+0000] {etl_pipeline.py:65} INFO - Sent user organickoala758 to Kafka.
[2025-03-23T14:12:02.905+0000] {etl_pipeline.py:65} INFO - Sent user tinybird259 to Kafka.
[2025-03-23T14:12:02.905+0000] {etl_pipeline.py:65} INFO - Sent user organicladybug146 to Kafka.
[2025-03-23T14:12:02.906+0000] {etl_pipeline.py:65} INFO - Sent user bigbird998 to Kafka.
[2025-03-23T14:12:02.906+0000] {etl_pipeline.py:65} INFO - Sent user redpanda774 to Kafka.
[2025-03-23T14:12:02.907+0000] {etl_pipeline.py:65} INFO - Sent user angrydog440 to Kafka.
[2025-03-23T14:12:02.908+0000] {etl_pipeline.py:65} INFO - Sent user tinywolf522 to Kafka.
[2025-03-23T14:12:02.909+0000] {etl_pipeline.py:65} INFO - Sent user happyduck842 to Kafka.
[2025-03-23T14:12:02.909+0000] {etl_pipeline.py:65} INFO - Sent user crazymeercat665 to Kafka.
[2025-03-23T14:12:02.910+0000] {etl_pipeline.py:65} INFO - Sent user crazywolf560 to Kafka.
[2025-03-23T14:12:02.910+0000] {etl_pipeline.py:65} INFO - Sent user goldencat455 to Kafka.
[2025-03-23T14:12:02.914+0000] {etl_pipeline.py:65} INFO - Sent user silvertiger723 to Kafka.
[2025-03-23T14:12:02.916+0000] {etl_pipeline.py:65} INFO - Sent user greengorilla231 to Kafka.
[2025-03-23T14:12:02.916+0000] {etl_pipeline.py:65} INFO - Sent user tinydog918 to Kafka.
[2025-03-23T14:12:02.916+0000] {etl_pipeline.py:65} INFO - Sent user beautifulladybug660 to Kafka.
[2025-03-23T14:12:02.917+0000] {etl_pipeline.py:65} INFO - Sent user brownbird431 to Kafka.
[2025-03-23T14:12:02.917+0000] {etl_pipeline.py:65} INFO - Sent user whiterabbit787 to Kafka.
[2025-03-23T14:12:02.919+0000] {etl_pipeline.py:65} INFO - Sent user brownwolf648 to Kafka.
[2025-03-23T14:12:02.919+0000] {etl_pipeline.py:65} INFO - Sent user crazyladybug464 to Kafka.
[2025-03-23T14:12:02.920+0000] {etl_pipeline.py:65} INFO - Sent user ticklishostrich504 to Kafka.
[2025-03-23T14:12:02.921+0000] {etl_pipeline.py:65} INFO - Sent user beautifulelephant688 to Kafka.
[2025-03-23T14:12:02.922+0000] {etl_pipeline.py:65} INFO - Sent user heavykoala730 to Kafka.
[2025-03-23T14:12:02.923+0000] {etl_pipeline.py:65} INFO - Sent user greentiger111 to Kafka.
[2025-03-23T14:12:02.925+0000] {etl_pipeline.py:65} INFO - Sent user lazyfrog661 to Kafka.
[2025-03-23T14:12:02.926+0000] {etl_pipeline.py:65} INFO - Sent user crazyduck132 to Kafka.
[2025-03-23T14:12:02.927+0000] {etl_pipeline.py:65} INFO - Sent user purplewolf536 to Kafka.
[2025-03-23T14:12:02.930+0000] {etl_pipeline.py:65} INFO - Sent user heavydog296 to Kafka.
[2025-03-23T14:12:02.930+0000] {etl_pipeline.py:65} INFO - Sent user brownkoala181 to Kafka.
[2025-03-23T14:12:02.931+0000] {etl_pipeline.py:65} INFO - Sent user tinyostrich837 to Kafka.
[2025-03-23T14:12:02.931+0000] {etl_pipeline.py:65} INFO - Sent user happylion842 to Kafka.
[2025-03-23T14:12:02.932+0000] {etl_pipeline.py:65} INFO - Sent user angryfrog566 to Kafka.
[2025-03-23T14:12:02.934+0000] {etl_pipeline.py:65} INFO - Sent user blackfish279 to Kafka.
[2025-03-23T14:12:02.935+0000] {etl_pipeline.py:65} INFO - Sent user lazytiger100 to Kafka.
[2025-03-23T14:12:02.936+0000] {etl_pipeline.py:65} INFO - Sent user goldenbutterfly127 to Kafka.
[2025-03-23T14:12:02.937+0000] {etl_pipeline.py:65} INFO - Sent user bigleopard221 to Kafka.
[2025-03-23T14:12:02.938+0000] {etl_pipeline.py:65} INFO - Sent user purpleleopard427 to Kafka.
[2025-03-23T14:12:02.939+0000] {etl_pipeline.py:65} INFO - Sent user angrylion620 to Kafka.
[2025-03-23T14:12:02.941+0000] {etl_pipeline.py:65} INFO - Sent user ticklishbird744 to Kafka.
[2025-03-23T14:12:02.943+0000] {etl_pipeline.py:65} INFO - Sent user lazycat369 to Kafka.
[2025-03-23T14:12:02.944+0000] {etl_pipeline.py:65} INFO - Sent user lazygorilla831 to Kafka.
[2025-03-23T14:12:02.945+0000] {etl_pipeline.py:65} INFO - Sent user sadbutterfly759 to Kafka.
[2025-03-23T14:12:02.946+0000] {etl_pipeline.py:65} INFO - Sent user greenpanda596 to Kafka.
[2025-03-23T14:12:02.946+0000] {etl_pipeline.py:65} INFO - Sent user ticklishgorilla166 to Kafka.
[2025-03-23T14:12:02.947+0000] {etl_pipeline.py:65} INFO - Sent user silverduck720 to Kafka.
[2025-03-23T14:12:02.947+0000] {etl_pipeline.py:65} INFO - Sent user bigsnake364 to Kafka.
[2025-03-23T14:12:02.947+0000] {etl_pipeline.py:65} INFO - Sent user angrygoose683 to Kafka.
[2025-03-23T14:12:02.947+0000] {etl_pipeline.py:65} INFO - Sent user purplecat397 to Kafka.
[2025-03-23T14:12:02.947+0000] {etl_pipeline.py:65} INFO - Sent user heavytiger791 to Kafka.
[2025-03-23T14:12:02.947+0000] {etl_pipeline.py:65} INFO - Sent user happygoose107 to Kafka.
[2025-03-23T14:12:02.947+0000] {etl_pipeline.py:65} INFO - Sent user ticklishleopard211 to Kafka.
[2025-03-23T14:12:02.948+0000] {etl_pipeline.py:65} INFO - Sent user bigtiger841 to Kafka.
[2025-03-23T14:12:02.948+0000] {etl_pipeline.py:65} INFO - Sent user tinyostrich752 to Kafka.
[2025-03-23T14:12:02.948+0000] {etl_pipeline.py:65} INFO - Sent user redgorilla774 to Kafka.
[2025-03-23T14:12:02.948+0000] {etl_pipeline.py:65} INFO - Sent user tinygorilla696 to Kafka.
[2025-03-23T14:12:02.948+0000] {etl_pipeline.py:65} INFO - Sent user heavykoala397 to Kafka.
[2025-03-23T14:12:02.962+0000] {etl_pipeline.py:68} INFO - Successfully sent 100 users to Kafka.
[2025-03-23T14:12:02.964+0000] {conn.py:673} INFO - <BrokerConnection node_id=1 host=broker:9092 <connected> [IPv4 ('172.18.0.11', 9092)]>: Closing connection. 
[2025-03-23T14:12:02.966+0000] {python.py:237} INFO - Done. Returned value was: None
[2025-03-23T14:12:02.970+0000] {taskinstance.py:441} INFO - ::group::Post task execution logs
[2025-03-23T14:12:02.989+0000] {taskinstance.py:1206} INFO - Marking task as SUCCESS. dag_id=realtime_user_streaming_pipeline, task_id=load_data, run_id=manual__2025-03-23T14:11:55.323928+00:00, execution_date=20250323T141155, start_date=20250323T141202, end_date=20250323T141202
[2025-03-23T14:12:03.017+0000] {local_task_job_runner.py:243} INFO - Task exited with return code 0
[2025-03-23T14:12:03.052+0000] {local_task_job_runner.py:222} INFO - ::endgroup::
