[2025-03-23T14:08:24.348+0000] {manager.py:470} INFO - Processing files using up to 2 processes at a time 
[2025-03-23T14:08:24.349+0000] {manager.py:471} INFO - Process each file at most once every 30 seconds
[2025-03-23T14:08:24.352+0000] {manager.py:472} INFO - Checking for new files in /opt/airflow/dags every 300 seconds
[2025-03-23T14:08:24.353+0000] {manager.py:737} INFO - Searching for files in /opt/airflow/dags
[2025-03-23T14:08:24.367+0000] {manager.py:740} INFO - There are 1 files in /opt/airflow/dags
[2025-03-23T14:08:25.466+0000] {manager.py:878} INFO - 
================================================================================
DAG File Processing Stats

File Path                                  PID  Runtime      # DAGs    # Errors  Last Runtime    Last Run
---------------------------------------  -----  ---------  --------  ----------  --------------  ----------
/opt/airflow/dags/realtime_streaming.py    211  0.46s             0           0
================================================================================
[2025-03-23T14:08:56.090+0000] {manager.py:878} INFO - 
================================================================================
DAG File Processing Stats

File Path                                PID    Runtime      # DAGs    # Errors  Last Runtime    Last Run
---------------------------------------  -----  ---------  --------  ----------  --------------  -------------------
/opt/airflow/dags/realtime_streaming.py                           1           0  3.61s           2025-03-23T14:08:28
================================================================================
[2025-03-23T14:09:26.679+0000] {manager.py:878} INFO - 
================================================================================
DAG File Processing Stats

File Path                                PID    Runtime      # DAGs    # Errors  Last Runtime    Last Run
---------------------------------------  -----  ---------  --------  ----------  --------------  -------------------
/opt/airflow/dags/realtime_streaming.py                           1           0  1.42s           2025-03-23T14:09:00
================================================================================
[2025-03-23T14:09:56.725+0000] {manager.py:878} INFO - 
================================================================================
DAG File Processing Stats

File Path                                PID    Runtime      # DAGs    # Errors  Last Runtime    Last Run
---------------------------------------  -----  ---------  --------  ----------  --------------  -------------------
/opt/airflow/dags/realtime_streaming.py                           1           0  0.80s           2025-03-23T14:09:31
================================================================================
[2025-03-23T14:10:27.236+0000] {manager.py:878} INFO - 
================================================================================
DAG File Processing Stats

File Path                                PID    Runtime      # DAGs    # Errors  Last Runtime    Last Run
---------------------------------------  -----  ---------  --------  ----------  --------------  -------------------
/opt/airflow/dags/realtime_streaming.py                           1           0  0.24s           2025-03-23T14:10:02
================================================================================
[2025-03-23T14:10:57.672+0000] {manager.py:878} INFO - 
================================================================================
DAG File Processing Stats

File Path                                PID    Runtime      # DAGs    # Errors  Last Runtime    Last Run
---------------------------------------  -----  ---------  --------  ----------  --------------  -------------------
/opt/airflow/dags/realtime_streaming.py                           1           0  0.22s           2025-03-23T14:10:32
================================================================================
[2025-03-23T14:11:28.069+0000] {manager.py:878} INFO - 
================================================================================
DAG File Processing Stats

File Path                                PID    Runtime      # DAGs    # Errors  Last Runtime    Last Run
---------------------------------------  -----  ---------  --------  ----------  --------------  -------------------
/opt/airflow/dags/realtime_streaming.py                           1           0  0.23s           2025-03-23T14:11:02
================================================================================
[2025-03-23T14:11:58.710+0000] {manager.py:878} INFO - 
================================================================================
DAG File Processing Stats

File Path                                PID    Runtime      # DAGs    # Errors  Last Runtime    Last Run
---------------------------------------  -----  ---------  --------  ----------  --------------  -------------------
/opt/airflow/dags/realtime_streaming.py                           1           0  0.22s           2025-03-23T14:11:33
================================================================================
[2025-03-23T14:12:29.122+0000] {manager.py:878} INFO - 
================================================================================
DAG File Processing Stats

File Path                                PID    Runtime      # DAGs    # Errors  Last Runtime    Last Run
---------------------------------------  -----  ---------  --------  ----------  --------------  -------------------
/opt/airflow/dags/realtime_streaming.py                           1           0  0.53s           2025-03-23T14:12:04
================================================================================
[2025-03-23T14:12:59.965+0000] {manager.py:878} INFO - 
================================================================================
DAG File Processing Stats

File Path                                PID    Runtime      # DAGs    # Errors  Last Runtime    Last Run
---------------------------------------  -----  ---------  --------  ----------  --------------  -------------------
/opt/airflow/dags/realtime_streaming.py                           1           0  0.26s           2025-03-23T14:12:34
================================================================================
[2025-03-23T14:13:24.414+0000] {manager.py:737} INFO - Searching for files in /opt/airflow/dags
[2025-03-23T14:13:24.420+0000] {manager.py:740} INFO - There are 1 files in /opt/airflow/dags
[2025-03-23T14:13:30.353+0000] {manager.py:878} INFO - 
================================================================================
DAG File Processing Stats

File Path                                PID    Runtime      # DAGs    # Errors  Last Runtime    Last Run
---------------------------------------  -----  ---------  --------  ----------  --------------  -------------------
/opt/airflow/dags/realtime_streaming.py                           1           0  0.27s           2025-03-23T14:13:05
================================================================================
[2025-03-23T14:14:00.804+0000] {manager.py:878} INFO - 
================================================================================
DAG File Processing Stats

File Path                                PID    Runtime      # DAGs    # Errors  Last Runtime    Last Run
---------------------------------------  -----  ---------  --------  ----------  --------------  -------------------
/opt/airflow/dags/realtime_streaming.py                           1           0  0.23s           2025-03-23T14:13:35
================================================================================
[2025-03-23T14:14:31.135+0000] {manager.py:878} INFO - 
================================================================================
DAG File Processing Stats

File Path                                PID    Runtime      # DAGs    # Errors  Last Runtime    Last Run
---------------------------------------  -----  ---------  --------  ----------  --------------  -------------------
/opt/airflow/dags/realtime_streaming.py                           1           0  0.46s           2025-03-23T14:14:06
================================================================================
[2025-03-23T14:15:01.845+0000] {manager.py:878} INFO - 
================================================================================
DAG File Processing Stats

File Path                                PID    Runtime      # DAGs    # Errors  Last Runtime    Last Run
---------------------------------------  -----  ---------  --------  ----------  --------------  -------------------
/opt/airflow/dags/realtime_streaming.py                           1           0  0.19s           2025-03-23T14:14:36
================================================================================
[2025-03-23T14:15:32.213+0000] {manager.py:878} INFO - 
================================================================================
DAG File Processing Stats

File Path                                PID    Runtime      # DAGs    # Errors  Last Runtime    Last Run
---------------------------------------  -----  ---------  --------  ----------  --------------  -------------------
/opt/airflow/dags/realtime_streaming.py                           1           0  0.22s           2025-03-23T14:15:07
================================================================================
[2025-03-23T14:16:02.608+0000] {manager.py:878} INFO - 
================================================================================
DAG File Processing Stats

File Path                                PID    Runtime      # DAGs    # Errors  Last Runtime    Last Run
---------------------------------------  -----  ---------  --------  ----------  --------------  -------------------
/opt/airflow/dags/realtime_streaming.py                           1           0  0.21s           2025-03-23T14:15:37
================================================================================
[2025-03-23T14:16:33.214+0000] {manager.py:878} INFO - 
================================================================================
DAG File Processing Stats

File Path                                PID    Runtime      # DAGs    # Errors  Last Runtime    Last Run
---------------------------------------  -----  ---------  --------  ----------  --------------  -------------------
/opt/airflow/dags/realtime_streaming.py                           1           0  0.32s           2025-03-23T14:16:08
================================================================================
[2025-03-23T14:17:03.556+0000] {manager.py:878} INFO - 
================================================================================
DAG File Processing Stats

File Path                                PID    Runtime      # DAGs    # Errors  Last Runtime    Last Run
---------------------------------------  -----  ---------  --------  ----------  --------------  -------------------
/opt/airflow/dags/realtime_streaming.py                           1           0  0.34s           2025-03-23T14:16:38
================================================================================
[2025-03-23T14:17:34.108+0000] {manager.py:878} INFO - 
================================================================================
DAG File Processing Stats

File Path                                PID    Runtime      # DAGs    # Errors  Last Runtime    Last Run
---------------------------------------  -----  ---------  --------  ----------  --------------  -------------------
/opt/airflow/dags/realtime_streaming.py                           1           0  0.30s           2025-03-23T14:17:09
================================================================================
[2025-03-23T14:18:04.519+0000] {manager.py:878} INFO - 
================================================================================
DAG File Processing Stats

File Path                                PID    Runtime      # DAGs    # Errors  Last Runtime    Last Run
---------------------------------------  -----  ---------  --------  ----------  --------------  -------------------
/opt/airflow/dags/realtime_streaming.py                           1           0  0.20s           2025-03-23T14:17:39
================================================================================
[2025-03-23T14:18:24.742+0000] {manager.py:737} INFO - Searching for files in /opt/airflow/dags
[2025-03-23T14:18:24.747+0000] {manager.py:740} INFO - There are 1 files in /opt/airflow/dags
[2025-03-23T14:18:34.862+0000] {manager.py:878} INFO - 
================================================================================
DAG File Processing Stats

File Path                                PID    Runtime      # DAGs    # Errors  Last Runtime    Last Run
---------------------------------------  -----  ---------  --------  ----------  --------------  -------------------
/opt/airflow/dags/realtime_streaming.py                           1           0  0.24s           2025-03-23T14:18:09
================================================================================
[2025-03-23T14:19:05.289+0000] {manager.py:878} INFO - 
================================================================================
DAG File Processing Stats

File Path                                PID    Runtime      # DAGs    # Errors  Last Runtime    Last Run
---------------------------------------  -----  ---------  --------  ----------  --------------  -------------------
/opt/airflow/dags/realtime_streaming.py                           1           0  0.21s           2025-03-23T14:18:40
================================================================================
[2025-03-23T14:19:35.665+0000] {manager.py:878} INFO - 
================================================================================
DAG File Processing Stats

File Path                                PID    Runtime      # DAGs    # Errors  Last Runtime    Last Run
---------------------------------------  -----  ---------  --------  ----------  --------------  -------------------
/opt/airflow/dags/realtime_streaming.py                           1           0  0.22s           2025-03-23T14:19:10
================================================================================
[2025-03-23T14:20:06.178+0000] {manager.py:878} INFO - 
================================================================================
DAG File Processing Stats

File Path                                PID    Runtime      # DAGs    # Errors  Last Runtime    Last Run
---------------------------------------  -----  ---------  --------  ----------  --------------  -------------------
/opt/airflow/dags/realtime_streaming.py                           1           0  0.27s           2025-03-23T14:19:41
================================================================================
[2025-03-23T14:20:36.738+0000] {manager.py:878} INFO - 
================================================================================
DAG File Processing Stats

File Path                                PID    Runtime      # DAGs    # Errors  Last Runtime    Last Run
---------------------------------------  -----  ---------  --------  ----------  --------------  -------------------
/opt/airflow/dags/realtime_streaming.py                           1           0  0.40s           2025-03-23T14:20:11
================================================================================
[2025-03-23T14:21:07.280+0000] {manager.py:878} INFO - 
================================================================================
DAG File Processing Stats

File Path                                PID    Runtime      # DAGs    # Errors  Last Runtime    Last Run
---------------------------------------  -----  ---------  --------  ----------  --------------  -------------------
/opt/airflow/dags/realtime_streaming.py                           1           0  0.28s           2025-03-23T14:20:42
================================================================================
[2025-03-23T14:21:37.705+0000] {manager.py:878} INFO - 
================================================================================
DAG File Processing Stats

File Path                                PID    Runtime      # DAGs    # Errors  Last Runtime    Last Run
---------------------------------------  -----  ---------  --------  ----------  --------------  -------------------
/opt/airflow/dags/realtime_streaming.py                           1           0  0.31s           2025-03-23T14:21:12
================================================================================
[2025-03-23T14:22:08.153+0000] {manager.py:878} INFO - 
================================================================================
DAG File Processing Stats

File Path                                PID    Runtime      # DAGs    # Errors  Last Runtime    Last Run
---------------------------------------  -----  ---------  --------  ----------  --------------  -------------------
/opt/airflow/dags/realtime_streaming.py                           1           0  0.25s           2025-03-23T14:21:43
================================================================================
[2025-03-23T14:22:38.498+0000] {manager.py:878} INFO - 
================================================================================
DAG File Processing Stats

File Path                                PID    Runtime      # DAGs    # Errors  Last Runtime    Last Run
---------------------------------------  -----  ---------  --------  ----------  --------------  -------------------
/opt/airflow/dags/realtime_streaming.py                           1           0  0.27s           2025-03-23T14:22:13
================================================================================
[2025-03-23T14:23:08.996+0000] {manager.py:878} INFO - 
================================================================================
DAG File Processing Stats

File Path                                PID    Runtime      # DAGs    # Errors  Last Runtime    Last Run
---------------------------------------  -----  ---------  --------  ----------  --------------  -------------------
/opt/airflow/dags/realtime_streaming.py                           1           0  0.21s           2025-03-23T14:22:43
================================================================================
[2025-03-23T14:23:25.220+0000] {manager.py:737} INFO - Searching for files in /opt/airflow/dags
[2025-03-23T14:23:25.229+0000] {manager.py:740} INFO - There are 1 files in /opt/airflow/dags
[2025-03-23T14:23:39.341+0000] {manager.py:878} INFO - 
================================================================================
DAG File Processing Stats

File Path                                PID    Runtime      # DAGs    # Errors  Last Runtime    Last Run
---------------------------------------  -----  ---------  --------  ----------  --------------  -------------------
/opt/airflow/dags/realtime_streaming.py                           1           0  0.33s           2025-03-23T14:23:14
================================================================================
[2025-03-23T14:24:09.828+0000] {manager.py:878} INFO - 
================================================================================
DAG File Processing Stats

File Path                                PID    Runtime      # DAGs    # Errors  Last Runtime    Last Run
---------------------------------------  -----  ---------  --------  ----------  --------------  -------------------
/opt/airflow/dags/realtime_streaming.py                           1           0  0.23s           2025-03-23T14:23:44
================================================================================
[2025-03-23T14:24:40.271+0000] {manager.py:878} INFO - 
================================================================================
DAG File Processing Stats

File Path                                PID    Runtime      # DAGs    # Errors  Last Runtime    Last Run
---------------------------------------  -----  ---------  --------  ----------  --------------  -------------------
/opt/airflow/dags/realtime_streaming.py                           1           0  0.33s           2025-03-23T14:24:15
================================================================================
[2025-03-23T14:25:10.737+0000] {manager.py:878} INFO - 
================================================================================
DAG File Processing Stats

File Path                                PID    Runtime      # DAGs    # Errors  Last Runtime    Last Run
---------------------------------------  -----  ---------  --------  ----------  --------------  -------------------
/opt/airflow/dags/realtime_streaming.py                           1           0  0.30s           2025-03-23T14:24:45
================================================================================
[2025-03-23T14:25:41.168+0000] {manager.py:878} INFO - 
================================================================================
DAG File Processing Stats

File Path                                PID    Runtime      # DAGs    # Errors  Last Runtime    Last Run
---------------------------------------  -----  ---------  --------  ----------  --------------  -------------------
/opt/airflow/dags/realtime_streaming.py                           1           0  0.23s           2025-03-23T14:25:16
================================================================================
[2025-03-23T14:26:11.567+0000] {manager.py:878} INFO - 
================================================================================
DAG File Processing Stats

File Path                                PID    Runtime      # DAGs    # Errors  Last Runtime    Last Run
---------------------------------------  -----  ---------  --------  ----------  --------------  -------------------
/opt/airflow/dags/realtime_streaming.py                           1           0  0.28s           2025-03-23T14:25:46
================================================================================
[2025-03-23T14:26:42.056+0000] {manager.py:878} INFO - 
================================================================================
DAG File Processing Stats

File Path                                PID    Runtime      # DAGs    # Errors  Last Runtime    Last Run
---------------------------------------  -----  ---------  --------  ----------  --------------  -------------------
/opt/airflow/dags/realtime_streaming.py                           1           0  0.22s           2025-03-23T14:26:16
================================================================================
[2025-03-23T14:27:12.611+0000] {manager.py:878} INFO - 
================================================================================
DAG File Processing Stats

File Path                                PID    Runtime      # DAGs    # Errors  Last Runtime    Last Run
---------------------------------------  -----  ---------  --------  ----------  --------------  -------------------
/opt/airflow/dags/realtime_streaming.py                           1           0  0.28s           2025-03-23T14:26:47
================================================================================
[2025-03-23T14:27:42.964+0000] {manager.py:878} INFO - 
================================================================================
DAG File Processing Stats

File Path                                PID    Runtime      # DAGs    # Errors  Last Runtime    Last Run
---------------------------------------  -----  ---------  --------  ----------  --------------  -------------------
/opt/airflow/dags/realtime_streaming.py                           1           0  0.25s           2025-03-23T14:27:17
================================================================================
[2025-03-23T14:28:13.378+0000] {manager.py:878} INFO - 
================================================================================
DAG File Processing Stats

File Path                                PID    Runtime      # DAGs    # Errors  Last Runtime    Last Run
---------------------------------------  -----  ---------  --------  ----------  --------------  -------------------
/opt/airflow/dags/realtime_streaming.py                           1           0  0.39s           2025-03-23T14:27:48
================================================================================
[2025-03-23T14:28:25.663+0000] {manager.py:737} INFO - Searching for files in /opt/airflow/dags
[2025-03-23T14:28:25.681+0000] {manager.py:740} INFO - There are 1 files in /opt/airflow/dags
[2025-03-23T14:28:43.857+0000] {manager.py:878} INFO - 
================================================================================
DAG File Processing Stats

File Path                                PID    Runtime      # DAGs    # Errors  Last Runtime    Last Run
---------------------------------------  -----  ---------  --------  ----------  --------------  -------------------
/opt/airflow/dags/realtime_streaming.py                           1           0  0.31s           2025-03-23T14:28:18
================================================================================
[2025-03-23T14:29:14.225+0000] {manager.py:878} INFO - 
================================================================================
DAG File Processing Stats

File Path                                PID    Runtime      # DAGs    # Errors  Last Runtime    Last Run
---------------------------------------  -----  ---------  --------  ----------  --------------  -------------------
/opt/airflow/dags/realtime_streaming.py                           1           0  0.25s           2025-03-23T14:28:49
================================================================================
[2025-03-23T14:29:44.609+0000] {manager.py:878} INFO - 
================================================================================
DAG File Processing Stats

File Path                                PID    Runtime      # DAGs    # Errors  Last Runtime    Last Run
---------------------------------------  -----  ---------  --------  ----------  --------------  -------------------
/opt/airflow/dags/realtime_streaming.py                           1           0  0.24s           2025-03-23T14:29:19
================================================================================
[2025-03-23T14:30:14.969+0000] {manager.py:878} INFO - 
================================================================================
DAG File Processing Stats

File Path                                PID    Runtime      # DAGs    # Errors  Last Runtime    Last Run
---------------------------------------  -----  ---------  --------  ----------  --------------  -------------------
/opt/airflow/dags/realtime_streaming.py                           1           0  0.23s           2025-03-23T14:29:49
================================================================================
[2025-03-23T14:30:45.315+0000] {manager.py:878} INFO - 
================================================================================
DAG File Processing Stats

File Path                                PID    Runtime      # DAGs    # Errors  Last Runtime    Last Run
---------------------------------------  -----  ---------  --------  ----------  --------------  -------------------
/opt/airflow/dags/realtime_streaming.py                           1           0  0.24s           2025-03-23T14:30:20
================================================================================
[2025-03-23T14:31:15.703+0000] {manager.py:878} INFO - 
================================================================================
DAG File Processing Stats

File Path                                PID    Runtime      # DAGs    # Errors  Last Runtime    Last Run
---------------------------------------  -----  ---------  --------  ----------  --------------  -------------------
/opt/airflow/dags/realtime_streaming.py                           1           0  0.27s           2025-03-23T14:30:50
================================================================================
[2025-03-23T14:31:46.155+0000] {manager.py:878} INFO - 
================================================================================
DAG File Processing Stats

File Path                                PID    Runtime      # DAGs    # Errors  Last Runtime    Last Run
---------------------------------------  -----  ---------  --------  ----------  --------------  -------------------
/opt/airflow/dags/realtime_streaming.py                           1           0  0.31s           2025-03-23T14:31:21
================================================================================
[2025-03-23T14:32:16.627+0000] {manager.py:878} INFO - 
================================================================================
DAG File Processing Stats

File Path                                PID    Runtime      # DAGs    # Errors  Last Runtime    Last Run
---------------------------------------  -----  ---------  --------  ----------  --------------  -------------------
/opt/airflow/dags/realtime_streaming.py                           1           0  0.27s           2025-03-23T14:31:51
================================================================================
[2025-03-23T14:32:47.137+0000] {manager.py:878} INFO - 
================================================================================
DAG File Processing Stats

File Path                                PID    Runtime      # DAGs    # Errors  Last Runtime    Last Run
---------------------------------------  -----  ---------  --------  ----------  --------------  -------------------
/opt/airflow/dags/realtime_streaming.py                           1           0  0.37s           2025-03-23T14:32:22
================================================================================
[2025-03-23T14:33:17.534+0000] {manager.py:878} INFO - 
================================================================================
DAG File Processing Stats

File Path                                PID    Runtime      # DAGs    # Errors  Last Runtime    Last Run
---------------------------------------  -----  ---------  --------  ----------  --------------  -------------------
/opt/airflow/dags/realtime_streaming.py                           1           0  0.26s           2025-03-23T14:32:52
================================================================================
[2025-03-23T14:33:25.692+0000] {manager.py:737} INFO - Searching for files in /opt/airflow/dags
[2025-03-23T14:33:25.711+0000] {manager.py:740} INFO - There are 1 files in /opt/airflow/dags
[2025-03-23T14:33:47.984+0000] {manager.py:878} INFO - 
================================================================================
DAG File Processing Stats

File Path                                PID    Runtime      # DAGs    # Errors  Last Runtime    Last Run
---------------------------------------  -----  ---------  --------  ----------  --------------  -------------------
/opt/airflow/dags/realtime_streaming.py                           1           0  0.36s           2025-03-23T14:33:22
================================================================================
[2025-03-23T14:34:18.449+0000] {manager.py:878} INFO - 
================================================================================
DAG File Processing Stats

File Path                                PID    Runtime      # DAGs    # Errors  Last Runtime    Last Run
---------------------------------------  -----  ---------  --------  ----------  --------------  -------------------
/opt/airflow/dags/realtime_streaming.py                           1           0  0.35s           2025-03-23T14:33:53
================================================================================
[2025-03-23T14:34:48.995+0000] {manager.py:878} INFO - 
================================================================================
DAG File Processing Stats

File Path                                PID    Runtime      # DAGs    # Errors  Last Runtime    Last Run
---------------------------------------  -----  ---------  --------  ----------  --------------  -------------------
/opt/airflow/dags/realtime_streaming.py                           1           0  0.36s           2025-03-23T14:34:23
================================================================================
[2025-03-23T14:35:19.514+0000] {manager.py:878} INFO - 
================================================================================
DAG File Processing Stats

File Path                                PID    Runtime      # DAGs    # Errors  Last Runtime    Last Run
---------------------------------------  -----  ---------  --------  ----------  --------------  -------------------
/opt/airflow/dags/realtime_streaming.py                           1           0  0.23s           2025-03-23T14:34:54
================================================================================
[2025-03-23T14:35:49.851+0000] {manager.py:878} INFO - 
================================================================================
DAG File Processing Stats

File Path                                PID    Runtime      # DAGs    # Errors  Last Runtime    Last Run
---------------------------------------  -----  ---------  --------  ----------  --------------  -------------------
/opt/airflow/dags/realtime_streaming.py                           1           0  0.58s           2025-03-23T14:35:25
================================================================================
[2025-03-23T14:36:19.924+0000] {manager.py:878} INFO - 
================================================================================
DAG File Processing Stats

File Path                                PID    Runtime      # DAGs    # Errors  Last Runtime    Last Run
---------------------------------------  -----  ---------  --------  ----------  --------------  -------------------
/opt/airflow/dags/realtime_streaming.py                           1           0  0.23s           2025-03-23T14:35:55
================================================================================
[2025-03-23T14:36:50.324+0000] {manager.py:878} INFO - 
================================================================================
DAG File Processing Stats

File Path                                PID    Runtime      # DAGs    # Errors  Last Runtime    Last Run
---------------------------------------  -----  ---------  --------  ----------  --------------  -------------------
/opt/airflow/dags/realtime_streaming.py                           1           0  0.28s           2025-03-23T14:36:26
================================================================================
[2025-03-23T14:37:20.854+0000] {manager.py:878} INFO - 
================================================================================
DAG File Processing Stats

File Path                                PID    Runtime      # DAGs    # Errors  Last Runtime    Last Run
---------------------------------------  -----  ---------  --------  ----------  --------------  -------------------
/opt/airflow/dags/realtime_streaming.py                           1           0  0.26s           2025-03-23T14:36:56
================================================================================
[2025-03-23T14:37:51.278+0000] {manager.py:878} INFO - 
================================================================================
DAG File Processing Stats

File Path                                PID    Runtime      # DAGs    # Errors  Last Runtime    Last Run
---------------------------------------  -----  ---------  --------  ----------  --------------  -------------------
/opt/airflow/dags/realtime_streaming.py                           1           0  0.26s           2025-03-23T14:37:27
================================================================================
[2025-03-23T14:38:21.711+0000] {manager.py:878} INFO - 
================================================================================
DAG File Processing Stats

File Path                                PID    Runtime      # DAGs    # Errors  Last Runtime    Last Run
---------------------------------------  -----  ---------  --------  ----------  --------------  -------------------
/opt/airflow/dags/realtime_streaming.py                           1           0  0.31s           2025-03-23T14:37:57
================================================================================
[2025-03-23T14:38:25.766+0000] {manager.py:737} INFO - Searching for files in /opt/airflow/dags
[2025-03-23T14:38:25.777+0000] {manager.py:740} INFO - There are 1 files in /opt/airflow/dags
[2025-03-23T14:38:51.945+0000] {manager.py:878} INFO - 
================================================================================
DAG File Processing Stats

File Path                                PID    Runtime      # DAGs    # Errors  Last Runtime    Last Run
---------------------------------------  -----  ---------  --------  ----------  --------------  -------------------
/opt/airflow/dags/realtime_streaming.py                           1           0  0.74s           2025-03-23T14:38:28
================================================================================
[2025-03-23T14:39:22.730+0000] {manager.py:878} INFO - 
================================================================================
DAG File Processing Stats

File Path                                PID    Runtime      # DAGs    # Errors  Last Runtime    Last Run
---------------------------------------  -----  ---------  --------  ----------  --------------  -------------------
/opt/airflow/dags/realtime_streaming.py                           1           0  0.41s           2025-03-23T14:38:59
================================================================================
[2025-03-23T14:39:32.467+0000] {manager.py:452} INFO - Exiting gracefully upon receiving signal 15
[2025-03-23T14:43:17.516+0000] {manager.py:470} INFO - Processing files using up to 2 processes at a time 
[2025-03-23T14:43:17.521+0000] {manager.py:471} INFO - Process each file at most once every 30 seconds
[2025-03-23T14:43:17.526+0000] {manager.py:472} INFO - Checking for new files in /opt/airflow/dags every 300 seconds
[2025-03-23T14:43:17.527+0000] {manager.py:737} INFO - Searching for files in /opt/airflow/dags
[2025-03-23T14:43:17.538+0000] {manager.py:740} INFO - There are 1 files in /opt/airflow/dags
[2025-03-23T14:43:17.835+0000] {manager.py:878} INFO - 
================================================================================
DAG File Processing Stats

File Path                                  PID  Runtime      # DAGs    # Errors  Last Runtime    Last Run
---------------------------------------  -----  ---------  --------  ----------  --------------  ----------
/opt/airflow/dags/realtime_streaming.py    206  0.08s             0           0
================================================================================
[2025-03-23T14:43:47.950+0000] {manager.py:878} INFO - 
================================================================================
DAG File Processing Stats

File Path                                PID    Runtime      # DAGs    # Errors  Last Runtime    Last Run
---------------------------------------  -----  ---------  --------  ----------  --------------  -------------------
/opt/airflow/dags/realtime_streaming.py                           1           0  1.94s           2025-03-23T14:43:19
================================================================================
[2025-03-23T14:44:18.284+0000] {manager.py:878} INFO - 
================================================================================
DAG File Processing Stats

File Path                                PID    Runtime      # DAGs    # Errors  Last Runtime    Last Run
---------------------------------------  -----  ---------  --------  ----------  --------------  -------------------
/opt/airflow/dags/realtime_streaming.py                           1           0  0.60s           2025-03-23T14:43:50
================================================================================
[2025-03-23T14:44:49.117+0000] {manager.py:878} INFO - 
================================================================================
DAG File Processing Stats

File Path                                PID    Runtime      # DAGs    # Errors  Last Runtime    Last Run
---------------------------------------  -----  ---------  --------  ----------  --------------  -------------------
/opt/airflow/dags/realtime_streaming.py                           1           0  0.24s           2025-03-23T14:44:21
================================================================================
[2025-03-23T14:45:19.552+0000] {manager.py:878} INFO - 
================================================================================
DAG File Processing Stats

File Path                                PID    Runtime      # DAGs    # Errors  Last Runtime    Last Run
---------------------------------------  -----  ---------  --------  ----------  --------------  -------------------
/opt/airflow/dags/realtime_streaming.py                           1           0  0.21s           2025-03-23T14:44:51
================================================================================
[2025-03-23T14:45:49.960+0000] {manager.py:878} INFO - 
================================================================================
DAG File Processing Stats

File Path                                PID    Runtime      # DAGs    # Errors  Last Runtime    Last Run
---------------------------------------  -----  ---------  --------  ----------  --------------  -------------------
/opt/airflow/dags/realtime_streaming.py                           1           0  0.20s           2025-03-23T14:45:21
================================================================================
[2025-03-23T14:46:20.338+0000] {manager.py:878} INFO - 
================================================================================
DAG File Processing Stats

File Path                                PID    Runtime      # DAGs    # Errors  Last Runtime    Last Run
---------------------------------------  -----  ---------  --------  ----------  --------------  -------------------
/opt/airflow/dags/realtime_streaming.py                           1           0  0.22s           2025-03-23T14:45:52
================================================================================
[2025-03-23T14:46:50.664+0000] {manager.py:878} INFO - 
================================================================================
DAG File Processing Stats

File Path                                PID    Runtime      # DAGs    # Errors  Last Runtime    Last Run
---------------------------------------  -----  ---------  --------  ----------  --------------  -------------------
/opt/airflow/dags/realtime_streaming.py                           1           0  0.20s           2025-03-23T14:46:22
================================================================================
[2025-03-23T14:47:13.196+0000] {manager.py:452} INFO - Exiting gracefully upon receiving signal 15
[2025-03-23T14:48:22.262+0000] {manager.py:470} INFO - Processing files using up to 2 processes at a time 
[2025-03-23T14:48:22.263+0000] {manager.py:471} INFO - Process each file at most once every 30 seconds
[2025-03-23T14:48:22.263+0000] {manager.py:472} INFO - Checking for new files in /opt/airflow/dags every 300 seconds
[2025-03-23T14:48:22.263+0000] {manager.py:737} INFO - Searching for files in /opt/airflow/dags
[2025-03-23T14:48:22.272+0000] {manager.py:740} INFO - There are 1 files in /opt/airflow/dags
[2025-03-23T14:48:22.576+0000] {manager.py:878} INFO - 
================================================================================
DAG File Processing Stats

File Path                                  PID  Runtime      # DAGs    # Errors  Last Runtime    Last Run
---------------------------------------  -----  ---------  --------  ----------  --------------  ----------
/opt/airflow/dags/realtime_streaming.py    200  0.14s             0           0
================================================================================
[2025-03-23T14:48:52.680+0000] {manager.py:878} INFO - 
================================================================================
DAG File Processing Stats

File Path                                PID    Runtime      # DAGs    # Errors  Last Runtime    Last Run
---------------------------------------  -----  ---------  --------  ----------  --------------  -------------------
/opt/airflow/dags/realtime_streaming.py                           1           0  0.90s           2025-03-23T14:48:23
================================================================================
[2025-03-23T14:49:23.269+0000] {manager.py:878} INFO - 
================================================================================
DAG File Processing Stats

File Path                                PID    Runtime      # DAGs    # Errors  Last Runtime    Last Run
---------------------------------------  -----  ---------  --------  ----------  --------------  -------------------
/opt/airflow/dags/realtime_streaming.py                           1           0  0.40s           2025-03-23T14:48:54
================================================================================
[2025-03-23T14:49:53.598+0000] {manager.py:878} INFO - 
================================================================================
DAG File Processing Stats

File Path                                PID    Runtime      # DAGs    # Errors  Last Runtime    Last Run
---------------------------------------  -----  ---------  --------  ----------  --------------  -------------------
/opt/airflow/dags/realtime_streaming.py                           1           0  0.34s           2025-03-23T14:49:24
================================================================================
[2025-03-23T14:50:24.305+0000] {manager.py:878} INFO - 
================================================================================
DAG File Processing Stats

File Path                                PID    Runtime      # DAGs    # Errors  Last Runtime    Last Run
---------------------------------------  -----  ---------  --------  ----------  --------------  -------------------
/opt/airflow/dags/realtime_streaming.py                           1           0  0.19s           2025-03-23T14:49:55
================================================================================
[2025-03-23T14:50:54.639+0000] {manager.py:878} INFO - 
================================================================================
DAG File Processing Stats

File Path                                PID    Runtime      # DAGs    # Errors  Last Runtime    Last Run
---------------------------------------  -----  ---------  --------  ----------  --------------  -------------------
/opt/airflow/dags/realtime_streaming.py                           1           0  0.26s           2025-03-23T14:50:25
================================================================================
[2025-03-23T14:51:24.999+0000] {manager.py:878} INFO - 
================================================================================
DAG File Processing Stats

File Path                                PID    Runtime      # DAGs    # Errors  Last Runtime    Last Run
---------------------------------------  -----  ---------  --------  ----------  --------------  -------------------
/opt/airflow/dags/realtime_streaming.py                           1           0  0.26s           2025-03-23T14:50:55
================================================================================
[2025-03-23T14:51:55.364+0000] {manager.py:878} INFO - 
================================================================================
DAG File Processing Stats

File Path                                PID    Runtime      # DAGs    # Errors  Last Runtime    Last Run
---------------------------------------  -----  ---------  --------  ----------  --------------  -------------------
/opt/airflow/dags/realtime_streaming.py                           1           0  0.25s           2025-03-23T14:51:26
================================================================================
[2025-03-23T14:52:25.812+0000] {manager.py:878} INFO - 
================================================================================
DAG File Processing Stats

File Path                                PID    Runtime      # DAGs    # Errors  Last Runtime    Last Run
---------------------------------------  -----  ---------  --------  ----------  --------------  -------------------
/opt/airflow/dags/realtime_streaming.py                           1           0  0.25s           2025-03-23T14:51:56
================================================================================
[2025-03-23T14:52:56.133+0000] {manager.py:878} INFO - 
================================================================================
DAG File Processing Stats

File Path                                PID    Runtime      # DAGs    # Errors  Last Runtime    Last Run
---------------------------------------  -----  ---------  --------  ----------  --------------  -------------------
/opt/airflow/dags/realtime_streaming.py                           1           0  0.25s           2025-03-23T14:52:27
================================================================================
[2025-03-23T14:53:22.559+0000] {manager.py:737} INFO - Searching for files in /opt/airflow/dags
[2025-03-23T14:53:22.569+0000] {manager.py:740} INFO - There are 1 files in /opt/airflow/dags
[2025-03-23T14:53:26.616+0000] {manager.py:878} INFO - 
================================================================================
DAG File Processing Stats

File Path                                PID    Runtime      # DAGs    # Errors  Last Runtime    Last Run
---------------------------------------  -----  ---------  --------  ----------  --------------  -------------------
/opt/airflow/dags/realtime_streaming.py                           1           0  0.23s           2025-03-23T14:52:57
================================================================================
[2025-03-23T14:53:56.988+0000] {manager.py:878} INFO - 
================================================================================
DAG File Processing Stats

File Path                                PID    Runtime      # DAGs    # Errors  Last Runtime    Last Run
---------------------------------------  -----  ---------  --------  ----------  --------------  -------------------
/opt/airflow/dags/realtime_streaming.py                           1           0  0.23s           2025-03-23T14:53:27
================================================================================
[2025-03-23T14:54:27.372+0000] {manager.py:878} INFO - 
================================================================================
DAG File Processing Stats

File Path                                PID    Runtime      # DAGs    # Errors  Last Runtime    Last Run
---------------------------------------  -----  ---------  --------  ----------  --------------  -------------------
/opt/airflow/dags/realtime_streaming.py                           1           0  0.27s           2025-03-23T14:53:58
================================================================================
[2025-03-23T14:54:57.732+0000] {manager.py:878} INFO - 
================================================================================
DAG File Processing Stats

File Path                                PID    Runtime      # DAGs    # Errors  Last Runtime    Last Run
---------------------------------------  -----  ---------  --------  ----------  --------------  -------------------
/opt/airflow/dags/realtime_streaming.py                           1           0  0.29s           2025-03-23T14:54:28
================================================================================
[2025-03-23T14:55:28.205+0000] {manager.py:878} INFO - 
================================================================================
DAG File Processing Stats

File Path                                PID    Runtime      # DAGs    # Errors  Last Runtime    Last Run
---------------------------------------  -----  ---------  --------  ----------  --------------  -------------------
/opt/airflow/dags/realtime_streaming.py                           1           0  0.26s           2025-03-23T14:54:59
================================================================================
[2025-03-23T14:55:58.574+0000] {manager.py:878} INFO - 
================================================================================
DAG File Processing Stats

File Path                                PID    Runtime      # DAGs    # Errors  Last Runtime    Last Run
---------------------------------------  -----  ---------  --------  ----------  --------------  -------------------
/opt/airflow/dags/realtime_streaming.py                           1           0  0.22s           2025-03-23T14:55:29
================================================================================
[2025-03-23T14:56:29.057+0000] {manager.py:878} INFO - 
================================================================================
DAG File Processing Stats

File Path                                PID    Runtime      # DAGs    # Errors  Last Runtime    Last Run
---------------------------------------  -----  ---------  --------  ----------  --------------  -------------------
/opt/airflow/dags/realtime_streaming.py                           1           0  0.26s           2025-03-23T14:55:59
================================================================================
[2025-03-23T14:56:59.414+0000] {manager.py:878} INFO - 
================================================================================
DAG File Processing Stats

File Path                                PID    Runtime      # DAGs    # Errors  Last Runtime    Last Run
---------------------------------------  -----  ---------  --------  ----------  --------------  -------------------
/opt/airflow/dags/realtime_streaming.py                           1           0  0.23s           2025-03-23T14:56:30
================================================================================
[2025-03-23T14:57:29.831+0000] {manager.py:878} INFO - 
================================================================================
DAG File Processing Stats

File Path                                PID    Runtime      # DAGs    # Errors  Last Runtime    Last Run
---------------------------------------  -----  ---------  --------  ----------  --------------  -------------------
/opt/airflow/dags/realtime_streaming.py                           1           0  0.30s           2025-03-23T14:57:00
================================================================================
[2025-03-23T14:58:00.311+0000] {manager.py:878} INFO - 
================================================================================
DAG File Processing Stats

File Path                                PID    Runtime      # DAGs    # Errors  Last Runtime    Last Run
---------------------------------------  -----  ---------  --------  ----------  --------------  -------------------
/opt/airflow/dags/realtime_streaming.py                           1           0  0.28s           2025-03-23T14:57:31
================================================================================
[2025-03-23T14:58:22.707+0000] {manager.py:737} INFO - Searching for files in /opt/airflow/dags
[2025-03-23T14:58:22.716+0000] {manager.py:740} INFO - There are 1 files in /opt/airflow/dags
[2025-03-23T14:58:30.931+0000] {manager.py:878} INFO - 
================================================================================
DAG File Processing Stats

File Path                                PID    Runtime      # DAGs    # Errors  Last Runtime    Last Run
---------------------------------------  -----  ---------  --------  ----------  --------------  -------------------
/opt/airflow/dags/realtime_streaming.py                           1           0  0.23s           2025-03-23T14:58:01
================================================================================
[2025-03-23T14:59:01.283+0000] {manager.py:878} INFO - 
================================================================================
DAG File Processing Stats

File Path                                PID    Runtime      # DAGs    # Errors  Last Runtime    Last Run
---------------------------------------  -----  ---------  --------  ----------  --------------  -------------------
/opt/airflow/dags/realtime_streaming.py                           1           0  0.25s           2025-03-23T14:58:32
================================================================================
[2025-03-23T14:59:31.751+0000] {manager.py:878} INFO - 
================================================================================
DAG File Processing Stats

File Path                                PID    Runtime      # DAGs    # Errors  Last Runtime    Last Run
---------------------------------------  -----  ---------  --------  ----------  --------------  -------------------
/opt/airflow/dags/realtime_streaming.py                           1           0  0.38s           2025-03-23T14:59:02
================================================================================
[2025-03-23T15:00:02.181+0000] {manager.py:878} INFO - 
================================================================================
DAG File Processing Stats

File Path                                PID    Runtime      # DAGs    # Errors  Last Runtime    Last Run
---------------------------------------  -----  ---------  --------  ----------  --------------  -------------------
/opt/airflow/dags/realtime_streaming.py                           1           0  0.26s           2025-03-23T14:59:33
================================================================================
[2025-03-23T15:00:32.530+0000] {manager.py:878} INFO - 
================================================================================
DAG File Processing Stats

File Path                                PID    Runtime      # DAGs    # Errors  Last Runtime    Last Run
---------------------------------------  -----  ---------  --------  ----------  --------------  -------------------
/opt/airflow/dags/realtime_streaming.py                           1           0  0.39s           2025-03-23T15:00:03
================================================================================
[2025-03-23T15:01:03.134+0000] {manager.py:878} INFO - 
================================================================================
DAG File Processing Stats

File Path                                PID    Runtime      # DAGs    # Errors  Last Runtime    Last Run
---------------------------------------  -----  ---------  --------  ----------  --------------  -------------------
/opt/airflow/dags/realtime_streaming.py                           1           0  0.21s           2025-03-23T15:00:34
================================================================================
[2025-03-23T15:01:33.565+0000] {manager.py:878} INFO - 
================================================================================
DAG File Processing Stats

File Path                                PID    Runtime      # DAGs    # Errors  Last Runtime    Last Run
---------------------------------------  -----  ---------  --------  ----------  --------------  -------------------
/opt/airflow/dags/realtime_streaming.py                           1           0  0.18s           2025-03-23T15:01:04
================================================================================
[2025-03-23T15:02:03.984+0000] {manager.py:878} INFO - 
================================================================================
DAG File Processing Stats

File Path                                PID    Runtime      # DAGs    # Errors  Last Runtime    Last Run
---------------------------------------  -----  ---------  --------  ----------  --------------  -------------------
/opt/airflow/dags/realtime_streaming.py                           1           0  0.25s           2025-03-23T15:01:34
================================================================================
[2025-03-23T15:02:34.373+0000] {manager.py:878} INFO - 
================================================================================
DAG File Processing Stats

File Path                                PID    Runtime      # DAGs    # Errors  Last Runtime    Last Run
---------------------------------------  -----  ---------  --------  ----------  --------------  -------------------
/opt/airflow/dags/realtime_streaming.py                           1           0  0.31s           2025-03-23T15:02:05
================================================================================
[2025-03-23T15:03:04.838+0000] {manager.py:878} INFO - 
================================================================================
DAG File Processing Stats

File Path                                PID    Runtime      # DAGs    # Errors  Last Runtime    Last Run
---------------------------------------  -----  ---------  --------  ----------  --------------  -------------------
/opt/airflow/dags/realtime_streaming.py                           1           0  0.24s           2025-03-23T15:02:35
================================================================================
[2025-03-23T15:03:23.099+0000] {manager.py:737} INFO - Searching for files in /opt/airflow/dags
[2025-03-23T15:03:23.111+0000] {manager.py:740} INFO - There are 1 files in /opt/airflow/dags
[2025-03-23T15:03:35.263+0000] {manager.py:878} INFO - 
================================================================================
DAG File Processing Stats

File Path                                PID    Runtime      # DAGs    # Errors  Last Runtime    Last Run
---------------------------------------  -----  ---------  --------  ----------  --------------  -------------------
/opt/airflow/dags/realtime_streaming.py                           1           0  0.26s           2025-03-23T15:03:06
================================================================================
[2025-03-23T15:04:05.602+0000] {manager.py:878} INFO - 
================================================================================
DAG File Processing Stats

File Path                                PID    Runtime      # DAGs    # Errors  Last Runtime    Last Run
---------------------------------------  -----  ---------  --------  ----------  --------------  -------------------
/opt/airflow/dags/realtime_streaming.py                           1           0  0.26s           2025-03-23T15:03:36
================================================================================
[2025-03-23T15:04:36.076+0000] {manager.py:878} INFO - 
================================================================================
DAG File Processing Stats

File Path                                PID    Runtime      # DAGs    # Errors  Last Runtime    Last Run
---------------------------------------  -----  ---------  --------  ----------  --------------  -------------------
/opt/airflow/dags/realtime_streaming.py                           1           0  0.27s           2025-03-23T15:04:06
================================================================================
[2025-03-23T15:04:45.813+0000] {manager.py:452} INFO - Exiting gracefully upon receiving signal 15
